<?xml version="1.0" encoding="UTF-8"?>
<!-- Generated by org.testng.reporters.JUnitReportReporter -->
<testsuite hostname="DESKTOP-LAU5NVB" failures="0" tests="1" name="com.orange.hrm.test.HomePageTest" time="10.019" errors="0" timestamp="2025-05-31T21:45:08 WIB" skipped="0">
  <testcase classname="com.orange.hrm.test.HomePageTest" name="logout" time="10.019"/>
</testsuite> <!-- com.orange.hrm.test.HomePageTest -->
