<?xml version="1.0" encoding="UTF-8"?>
<!-- Generated by org.testng.reporters.JUnitReportReporter -->
<testsuite hostname="DESKTOP-LAU5NVB" failures="0" tests="1" name="com.orange.hrm.test.LoginTest" time="9.032" errors="0" timestamp="2025-05-31T21:45:08 WIB" skipped="0">
  <testcase classname="com.orange.hrm.test.LoginTest" name="loginWithValidData" time="9.032"/>
</testsuite> <!-- com.orange.hrm.test.LoginTest -->
