<?xml version="1.0" encoding="UTF-8"?>
<!-- Generated by org.testng.reporters.JUnitReportReporter -->
<testsuite hostname="DESKTOP-LAU5NVB" failures="0" tests="3" name="com.test.OrangeHRMTest" time="16.685" errors="0" timestamp="2025-05-28T13:19:02 WIB" skipped="0">
  <testcase classname="com.test.OrangeHRMTest" name="loginToApplication" time="6.013"/>
  <testcase classname="com.test.OrangeHRMTest" name="searchAdmin" time="7.166"/>
  <testcase classname="com.test.OrangeHRMTest" name="logout" time="3.506"/>
</testsuite> <!-- com.test.OrangeHRMTest -->
